2022-12-23 19:45:23,658:INFO:Checking config file……
2022-12-23 19:45:23,658:INFO:Config file found! Phasing in config file
2022-12-23 19:45:23,659:INFO:Phasing in config file……
2022-12-23 19:45:23,659:INFO:Config file phased in successfully！
2022-12-23 19:45:23,659:INFO:Closing apps……
2022-12-23 19:45:23,813:WARNING:App closed failed: HuyaClient.exe
2022-12-23 19:45:23,965:WARNING:App closed failed: cloudmusic.exe
2022-12-23 19:45:24,110:WARNING:App closed failed: Effidit.exe
2022-12-23 19:45:24,259:WARNING:App closed failed: MendeleyDesktop.exe
2022-12-23 19:45:24,405:WARNING:App closed failed: msedge.exe
2022-12-23 19:45:24,547:WARNING:App closed failed: RunAny.exe
2022-12-23 19:45:24,688:WARNING:App closed failed: TranslucentTB.exe
2022-12-23 19:45:24,835:WARNING:App closed failed: QuickLook.exe
2022-12-23 19:45:24,987:WARNING:App closed failed: TrafficMonitor.exe
2022-12-23 19:45:25,147:WARNING:App closed failed: RunAny.exe
2022-12-23 19:45:25,308:WARNING:App closed failed: Everything.exe
2022-12-23 19:45:25,483:INFO:App closed: Feishu.exe
2022-12-23 19:45:25,639:WARNING:App closed failed: TickTick.exe
2022-12-23 19:45:25,784:WARNING:App closed failed: MiScreenShareGuide.exe
2022-12-23 19:45:25,958:WARNING:App closed failed: Ditto.exe
2022-12-23 19:45:26,095:WARNING:App closed failed: AIoT.exe
2022-12-23 19:45:26,246:WARNING:App closed failed: Quicker.exe
2022-12-23 19:45:26,415:WARNING:App closed failed: QuickLook.WoW64HookHelper
2022-12-23 19:45:26,562:WARNING:App closed failed: DouyuClient.exe
2022-12-23 19:45:26,562:INFO:Opening apps……
2022-12-23 19:45:26,653:INFO:App opened: C:\Program Files (x86)\HuyaClient\huya.exe
2022-12-23 19:45:26,685:INFO:App opened: E:\Feishu\Feishu.exe
